[2017-10-19 17:44:58,123][MainThread:12768][task_id:ATM.config.log_settings][log_settings.py:75][INFO][It works!]
[2017-10-19 17:44:58,123][MainThread:12768][task_id:ATM.lib.db_func][db_func.py:32][WARNING][进入sql_distribute功能，调用select_module子功能]
[2017-10-19 17:44:58,131][MainThread:12768][task_id:ATM.lib.db_func][db_func.py:32][WARNING][进入sql_distribute功能，调用select_module子功能]
[2017-10-19 17:44:58,132][MainThread:12768][task_id:ATM.lib.db_func][db_func.py:32][WARNING][进入sql_distribute功能，调用select_module子功能]
[2017-10-19 17:44:58,133][MainThread:12768][task_id:ATM.lib.db_func][db_func.py:32][WARNING][进入sql_distribute功能，调用select_module子功能]
[2017-10-19 17:44:58,135][MainThread:12768][task_id:ATM.lib.db_func][db_func.py:32][WARNING][进入sql_distribute功能，调用select_module子功能]
[2017-10-19 17:44:58,136][MainThread:12768][task_id:ATM.lib.db_func][db_func.py:32][WARNING][进入sql_distribute功能，调用select_module子功能]
[2017-10-19 18:39:22,055][MainThread:10512][task_id:ATM.config.log_settings][log_settings.py:75][INFO][It works!]
[2017-10-19 18:39:22,055][MainThread:10512][task_id:ATM.common.db_f][db_f.py:32][WARNING][进入sql_distribute功能，调用select_module子功能]
[2017-10-19 18:39:22,068][MainThread:10512][task_id:ATM.common.db_f][db_f.py:32][WARNING][进入sql_distribute功能，调用select_module子功能]
[2017-10-19 18:39:22,069][MainThread:10512][task_id:ATM.common.db_f][db_f.py:32][WARNING][进入sql_distribute功能，调用select_module子功能]
[2017-10-19 18:39:22,071][MainThread:10512][task_id:ATM.common.db_f][db_f.py:32][WARNING][进入sql_distribute功能，调用select_module子功能]
[2017-10-19 18:39:22,072][MainThread:10512][task_id:ATM.common.db_f][db_f.py:32][WARNING][进入sql_distribute功能，调用select_module子功能]
[2017-10-19 18:39:22,073][MainThread:10512][task_id:ATM.common.db_f][db_f.py:32][WARNING][进入sql_distribute功能，调用select_module子功能]
[2017-10-19 18:39:25,912][MainThread:10512][task_id:ATM.common.main][main.py:24][WARNING][调用ATM功能函数：atm]
[2017-10-19 18:39:28,983][MainThread:10512][task_id:ATM.common.db_f][db_f.py:32][WARNING][进入sql_distribute功能，调用select_module子功能]
[2017-10-19 18:39:28,984][MainThread:10512][task_id:ATM.common.login_f][login_f.py:36][INFO][登陆成功]
[2017-10-19 18:39:28,984][MainThread:10512][task_id:ATM.common.login_f][login_f.py:40][INFO][用户【lisi】处于登录状态 True]
[2017-10-19 18:39:31,602][MainThread:10512][task_id:ATM.lib.other_f][other_f.py:18][INFO][执行退出功能，用户：lisi 登录状态变为：False]
[2017-10-19 18:39:34,286][MainThread:10512][task_id:ATM.common.main][main.py:24][WARNING][调用购物车功能函数：shopping]
[2017-10-19 18:39:41,402][MainThread:10512][task_id:ATM.common.db_f][db_f.py:32][WARNING][进入sql_distribute功能，调用select_module子功能]
[2017-10-19 18:39:41,403][MainThread:10512][task_id:ATM.common.login_f][login_f.py:36][INFO][登陆成功]
[2017-10-19 18:39:41,403][MainThread:10512][task_id:ATM.common.login_f][login_f.py:40][INFO][用户【lisi】处于登录状态 True]
[2017-10-19 18:39:41,404][MainThread:10512][task_id:ATM.common.db_f][db_f.py:32][WARNING][进入sql_distribute功能，调用select_module子功能]
[2017-10-19 18:39:46,952][MainThread:10512][task_id:ATM.common.main][main.py:24][WARNING][调用后台功能函数：backstage]
[2017-10-19 18:39:49,804][MainThread:10512][task_id:ATM.common.db_f][db_f.py:32][WARNING][进入sql_distribute功能，调用select_module子功能]
[2017-10-19 18:39:49,805][MainThread:10512][task_id:ATM.common.login_f][login_f.py:36][INFO][登陆成功]
[2017-10-19 18:39:49,805][MainThread:10512][task_id:ATM.common.login_f][login_f.py:40][INFO][用户【admin】处于登录状态 True]
[2017-10-19 18:39:54,740][MainThread:10512][task_id:ATM.lib.other_f][other_f.py:13][WARNING][调用修改账户功能函数：usermod]
[2017-10-19 18:39:57,291][MainThread:10512][task_id:ATM.lib.other_f][other_f.py:18][INFO][执行退出功能，用户：admin 登录状态变为：False]
[2017-10-19 18:39:58,984][MainThread:10512][task_id:ATM.common.main][main.py:27][INFO][退出程序]
[2017-10-19 18:41:05,699][MainThread:4216][task_id:ATM.config.log_settings][log_settings.py:75][INFO][It works!]
[2017-10-19 18:41:05,699][MainThread:4216][task_id:ATM.core.db_f][db_f.py:32][WARNING][进入sql_distribute功能，调用select_module子功能]
[2017-10-19 18:41:05,708][MainThread:4216][task_id:ATM.core.db_f][db_f.py:32][WARNING][进入sql_distribute功能，调用select_module子功能]
[2017-10-19 18:41:05,708][MainThread:4216][task_id:ATM.core.db_f][db_f.py:32][WARNING][进入sql_distribute功能，调用select_module子功能]
[2017-10-19 18:41:05,709][MainThread:4216][task_id:ATM.core.db_f][db_f.py:32][WARNING][进入sql_distribute功能，调用select_module子功能]
[2017-10-19 18:41:05,710][MainThread:4216][task_id:ATM.core.db_f][db_f.py:32][WARNING][进入sql_distribute功能，调用select_module子功能]
[2017-10-19 18:41:05,710][MainThread:4216][task_id:ATM.core.db_f][db_f.py:32][WARNING][进入sql_distribute功能，调用select_module子功能]
[2017-10-19 19:33:23,646][MainThread:9344][task_id:ATM.config.log_settings][log_settings.py:75][INFO][It works!]
[2017-10-19 19:33:23,646][MainThread:9344][task_id:ATM.core.db_f][db_f.py:32][WARNING][进入sql_distribute功能，调用select_module子功能]
[2017-10-19 19:33:23,658][MainThread:9344][task_id:ATM.core.db_f][db_f.py:32][WARNING][进入sql_distribute功能，调用select_module子功能]
[2017-10-19 19:33:23,659][MainThread:9344][task_id:ATM.core.db_f][db_f.py:32][WARNING][进入sql_distribute功能，调用select_module子功能]
[2017-10-19 19:33:23,661][MainThread:9344][task_id:ATM.core.db_f][db_f.py:32][WARNING][进入sql_distribute功能，调用select_module子功能]
[2017-10-19 19:33:23,661][MainThread:9344][task_id:ATM.core.db_f][db_f.py:32][WARNING][进入sql_distribute功能，调用select_module子功能]
[2017-10-19 19:33:23,662][MainThread:9344][task_id:ATM.core.db_f][db_f.py:32][WARNING][进入sql_distribute功能，调用select_module子功能]
