[2017-10-20 17:09:01,508][MainThread:10548][task_id:ATM.config.log_settings][log_settings.py:75][INFO][It works!]
[2017-10-20 17:09:01,509][MainThread:10548][task_id:ATM.core.db_f][db_f.py:32][WARNING][进入sql_distribute功能，调用select_module子功能]
[2017-10-20 17:09:01,519][MainThread:10548][task_id:ATM.core.db_f][db_f.py:32][WARNING][进入sql_distribute功能，调用select_module子功能]
[2017-10-20 17:09:01,519][MainThread:10548][task_id:ATM.core.db_f][db_f.py:32][WARNING][进入sql_distribute功能，调用select_module子功能]
[2017-10-20 17:09:01,520][MainThread:10548][task_id:ATM.core.db_f][db_f.py:32][WARNING][进入sql_distribute功能，调用select_module子功能]
[2017-10-20 17:09:01,520][MainThread:10548][task_id:ATM.core.db_f][db_f.py:32][WARNING][进入sql_distribute功能，调用select_module子功能]
[2017-10-20 17:09:04,098][MainThread:10548][task_id:ATM.core.main_f][main_f.py:24][WARNING][调用后台功能函数：backstage]
[2017-10-20 17:09:10,472][MainThread:10548][task_id:ATM.core.db_f][db_f.py:32][WARNING][进入sql_distribute功能，调用select_module子功能]
[2017-10-20 17:09:10,473][MainThread:10548][task_id:ATM.core.login_f][login_f.py:36][INFO][登陆成功]
[2017-10-20 17:09:10,473][MainThread:10548][task_id:ATM.core.login_f][login_f.py:40][INFO][用户【admin】处于登录状态 True]
[2017-10-20 17:09:13,261][MainThread:10548][task_id:ATM.lib.common_f][common_f.py:13][WARNING][调用添加账户功能函数：useradd]
[2017-10-20 17:11:06,132][MainThread:1256][task_id:ATM.config.log_settings][log_settings.py:75][INFO][It works!]
[2017-10-20 17:11:06,132][MainThread:1256][task_id:ATM.core.db_f][db_f.py:32][WARNING][进入sql_distribute功能，调用select_module子功能]
[2017-10-20 17:11:06,141][MainThread:1256][task_id:ATM.core.db_f][db_f.py:32][WARNING][进入sql_distribute功能，调用select_module子功能]
[2017-10-20 17:11:06,142][MainThread:1256][task_id:ATM.core.db_f][db_f.py:32][WARNING][进入sql_distribute功能，调用select_module子功能]
[2017-10-20 17:11:06,142][MainThread:1256][task_id:ATM.core.db_f][db_f.py:32][WARNING][进入sql_distribute功能，调用select_module子功能]
[2017-10-20 17:11:06,143][MainThread:1256][task_id:ATM.core.db_f][db_f.py:32][WARNING][进入sql_distribute功能，调用select_module子功能]
[2017-10-20 17:11:08,772][MainThread:1256][task_id:ATM.core.main_f][main_f.py:24][WARNING][调用后台功能函数：backstage]
[2017-10-20 17:11:12,373][MainThread:1256][task_id:ATM.core.db_f][db_f.py:32][WARNING][进入sql_distribute功能，调用select_module子功能]
[2017-10-20 17:11:12,374][MainThread:1256][task_id:ATM.core.login_f][login_f.py:36][INFO][登陆成功]
[2017-10-20 17:11:12,374][MainThread:1256][task_id:ATM.core.login_f][login_f.py:40][INFO][用户【admin】处于登录状态 True]
[2017-10-20 17:11:13,995][MainThread:1256][task_id:ATM.lib.common_f][common_f.py:13][WARNING][调用添加账户功能函数：useradd]
[2017-10-20 17:12:03,412][MainThread:8056][task_id:ATM.config.log_settings][log_settings.py:75][INFO][It works!]
[2017-10-20 17:12:03,413][MainThread:8056][task_id:ATM.core.db_f][db_f.py:32][WARNING][进入sql_distribute功能，调用select_module子功能]
[2017-10-20 17:12:03,422][MainThread:8056][task_id:ATM.core.db_f][db_f.py:32][WARNING][进入sql_distribute功能，调用select_module子功能]
[2017-10-20 17:12:03,423][MainThread:8056][task_id:ATM.core.db_f][db_f.py:32][WARNING][进入sql_distribute功能，调用select_module子功能]
[2017-10-20 17:12:03,423][MainThread:8056][task_id:ATM.core.db_f][db_f.py:32][WARNING][进入sql_distribute功能，调用select_module子功能]
[2017-10-20 17:12:03,424][MainThread:8056][task_id:ATM.core.db_f][db_f.py:32][WARNING][进入sql_distribute功能，调用select_module子功能]
[2017-10-20 17:12:05,813][MainThread:8056][task_id:ATM.core.main_f][main_f.py:24][WARNING][调用后台功能函数：backstage]
[2017-10-20 17:12:09,912][MainThread:8056][task_id:ATM.core.db_f][db_f.py:32][WARNING][进入sql_distribute功能，调用select_module子功能]
[2017-10-20 17:12:09,912][MainThread:8056][task_id:ATM.core.login_f][login_f.py:36][INFO][登陆成功]
[2017-10-20 17:12:09,913][MainThread:8056][task_id:ATM.core.login_f][login_f.py:40][INFO][用户【admin】处于登录状态 True]
[2017-10-20 17:12:11,378][MainThread:8056][task_id:ATM.lib.common_f][common_f.py:13][WARNING][调用添加账户功能函数：useradd]
[2017-10-20 17:16:12,159][MainThread:1348][task_id:ATM.config.log_settings][log_settings.py:75][INFO][It works!]
[2017-10-20 17:16:12,160][MainThread:1348][task_id:ATM.core.db_f][db_f.py:32][WARNING][进入sql_distribute功能，调用select_module子功能]
[2017-10-20 17:16:12,169][MainThread:1348][task_id:ATM.core.db_f][db_f.py:32][WARNING][进入sql_distribute功能，调用select_module子功能]
[2017-10-20 17:16:12,169][MainThread:1348][task_id:ATM.core.db_f][db_f.py:32][WARNING][进入sql_distribute功能，调用select_module子功能]
[2017-10-20 17:16:12,170][MainThread:1348][task_id:ATM.core.db_f][db_f.py:32][WARNING][进入sql_distribute功能，调用select_module子功能]
[2017-10-20 17:16:12,170][MainThread:1348][task_id:ATM.core.db_f][db_f.py:32][WARNING][进入sql_distribute功能，调用select_module子功能]
[2017-10-20 17:16:14,268][MainThread:1348][task_id:ATM.core.main_f][main_f.py:24][WARNING][调用后台功能函数：backstage]
[2017-10-20 17:16:17,427][MainThread:1348][task_id:ATM.core.db_f][db_f.py:32][WARNING][进入sql_distribute功能，调用select_module子功能]
[2017-10-20 17:16:17,428][MainThread:1348][task_id:ATM.core.login_f][login_f.py:36][INFO][登陆成功]
[2017-10-20 17:16:17,428][MainThread:1348][task_id:ATM.core.login_f][login_f.py:40][INFO][用户【admin】处于登录状态 True]
[2017-10-20 17:16:19,419][MainThread:1348][task_id:ATM.lib.common_f][common_f.py:13][WARNING][调用添加账户功能函数：useradd]
[2017-10-20 17:16:43,178][MainThread:1348][task_id:ATM.lib.common_f][common_f.py:13][WARNING][调用添加账户功能函数：useradd]
[2017-10-20 17:17:24,539][MainThread:1348][task_id:ATM.core.db_f][db_f.py:32][WARNING][进入sql_distribute功能，调用insert_module子功能]
[2017-10-20 17:17:24,540][MainThread:1348][task_id:ATM.core.db_f][db_f.py:159][WARNING][写入成功 ['5', 'chenqi', '123abc', '陈七', '100000', '100000', '34', '13322003344', '0', '2017-10-20']]
[2017-10-20 17:17:58,915][MainThread:1348][task_id:ATM.core.db_f][db_f.py:32][WARNING][进入sql_distribute功能，调用insert_module子功能]
[2017-10-20 17:17:58,917][MainThread:1348][task_id:ATM.core.db_f][db_f.py:159][WARNING][写入成功 ['2', 'chenqi', '123abc', '陈七', '100000', '100000', '34', '13322003344admin4', '123qwe', '管理员34', '13322030012', '0', '2017-10-20']]
[2017-10-20 17:18:04,248][MainThread:1348][task_id:ATM.lib.common_f][common_f.py:18][INFO][执行退出功能，用户：admin 登录状态变为：False]
[2017-10-20 17:18:04,957][MainThread:1348][task_id:ATM.core.main_f][main_f.py:27][INFO][退出程序]
[2017-10-20 17:32:19,619][MainThread:6156][task_id:ATM.lib.log_f][log_f.py:9][INFO][It works!]
[2017-10-20 17:32:19,620][MainThread:6156][task_id:ATM.core.db_f][db_f.py:32][WARNING][进入sql_distribute功能，调用select_module子功能]
[2017-10-20 17:32:19,628][MainThread:6156][task_id:ATM.core.db_f][db_f.py:32][WARNING][进入sql_distribute功能，调用select_module子功能]
[2017-10-20 17:32:19,628][MainThread:6156][task_id:ATM.core.db_f][db_f.py:32][WARNING][进入sql_distribute功能，调用select_module子功能]
[2017-10-20 17:32:19,628][MainThread:6156][task_id:ATM.core.db_f][db_f.py:32][WARNING][进入sql_distribute功能，调用select_module子功能]
[2017-10-20 17:32:19,629][MainThread:6156][task_id:ATM.core.db_f][db_f.py:32][WARNING][进入sql_distribute功能，调用select_module子功能]
[2017-10-20 17:32:19,629][MainThread:6156][task_id:ATM.core.db_f][db_f.py:32][WARNING][进入sql_distribute功能，调用select_module子功能]
[2017-10-20 17:32:24,619][MainThread:6156][task_id:ATM.core.main_f][main_f.py:24][WARNING][调用后台功能函数：backstage]
[2017-10-20 17:32:31,076][MainThread:6156][task_id:ATM.core.db_f][db_f.py:32][WARNING][进入sql_distribute功能，调用select_module子功能]
[2017-10-20 17:32:31,077][MainThread:6156][task_id:ATM.core.login_f][login_f.py:28][ERROR][该账户不存在]
[2017-10-20 17:34:12,996][MainThread:10560][task_id:ATM.lib.log_f][log_f.py:9][INFO][It works!]
[2017-10-20 17:34:12,996][MainThread:10560][task_id:ATM.core.db_f][db_f.py:32][WARNING][进入sql_distribute功能，调用select_module子功能]
[2017-10-20 17:34:13,006][MainThread:10560][task_id:ATM.core.db_f][db_f.py:32][WARNING][进入sql_distribute功能，调用select_module子功能]
[2017-10-20 17:34:13,006][MainThread:10560][task_id:ATM.core.db_f][db_f.py:32][WARNING][进入sql_distribute功能，调用select_module子功能]
[2017-10-20 17:34:13,007][MainThread:10560][task_id:ATM.core.db_f][db_f.py:32][WARNING][进入sql_distribute功能，调用select_module子功能]
[2017-10-20 17:34:13,007][MainThread:10560][task_id:ATM.core.db_f][db_f.py:32][WARNING][进入sql_distribute功能，调用select_module子功能]
[2017-10-20 17:34:13,007][MainThread:10560][task_id:ATM.core.db_f][db_f.py:32][WARNING][进入sql_distribute功能，调用select_module子功能]
[2017-10-20 17:34:14,676][MainThread:10560][task_id:ATM.core.main_f][main_f.py:24][WARNING][调用后台功能函数：backstage]
[2017-10-20 17:34:17,421][MainThread:10560][task_id:ATM.core.db_f][db_f.py:32][WARNING][进入sql_distribute功能，调用select_module子功能]
[2017-10-20 17:34:17,421][MainThread:10560][task_id:ATM.core.login_f][login_f.py:36][INFO][登陆成功]
[2017-10-20 17:34:17,422][MainThread:10560][task_id:ATM.core.login_f][login_f.py:40][INFO][用户【admin】处于登录状态 True]
[2017-10-20 17:34:19,340][MainThread:10560][task_id:ATM.lib.common_f][common_f.py:11][WARNING][调用添加账户功能函数：useradd]
[2017-10-20 17:34:25,816][MainThread:10560][task_id:ATM.lib.common_f][common_f.py:52][ERROR][输入有误]
[2017-10-20 17:34:28,816][MainThread:10560][task_id:ATM.core.db_f][db_f.py:32][WARNING][进入sql_distribute功能，调用insert_module子功能]
[2017-10-20 17:34:28,818][MainThread:10560][task_id:ATM.core.db_f][db_f.py:159][WARNING][写入成功 ['6', 'q', 'w', 'e', 'r', 'r', 't', 'y', '0', '2017-10-20']]
[2017-10-20 17:34:35,278][MainThread:10560][task_id:ATM.lib.common_f][common_f.py:52][ERROR][输入有误]
[2017-10-20 17:34:37,317][MainThread:10560][task_id:ATM.core.db_f][db_f.py:32][WARNING][进入sql_distribute功能，调用insert_module子功能]
[2017-10-20 17:34:37,318][MainThread:10560][task_id:ATM.core.db_f][db_f.py:159][WARNING][写入成功 ['2', 'a', 's', 'd', 'f', '0', '2017-10-20']]
[2017-10-20 17:34:53,319][MainThread:12248][task_id:ATM.lib.log_f][log_f.py:9][INFO][It works!]
[2017-10-20 17:34:53,319][MainThread:12248][task_id:ATM.core.db_f][db_f.py:32][WARNING][进入sql_distribute功能，调用select_module子功能]
[2017-10-20 17:34:53,329][MainThread:12248][task_id:ATM.core.db_f][db_f.py:32][WARNING][进入sql_distribute功能，调用select_module子功能]
[2017-10-20 17:34:53,329][MainThread:12248][task_id:ATM.core.db_f][db_f.py:32][WARNING][进入sql_distribute功能，调用select_module子功能]
[2017-10-20 17:34:53,329][MainThread:12248][task_id:ATM.core.db_f][db_f.py:32][WARNING][进入sql_distribute功能，调用select_module子功能]
[2017-10-20 17:34:53,330][MainThread:12248][task_id:ATM.core.db_f][db_f.py:32][WARNING][进入sql_distribute功能，调用select_module子功能]
[2017-10-20 17:34:53,330][MainThread:12248][task_id:ATM.core.db_f][db_f.py:32][WARNING][进入sql_distribute功能，调用select_module子功能]
[2017-10-20 17:34:53,330][MainThread:12248][task_id:ATM.core.db_f][db_f.py:32][WARNING][进入sql_distribute功能，调用select_module子功能]
[2017-10-20 17:34:55,462][MainThread:12248][task_id:ATM.core.main_f][main_f.py:24][WARNING][调用后台功能函数：backstage]
[2017-10-20 17:34:58,428][MainThread:12248][task_id:ATM.core.db_f][db_f.py:32][WARNING][进入sql_distribute功能，调用select_module子功能]
[2017-10-20 17:34:58,429][MainThread:12248][task_id:ATM.core.login_f][login_f.py:36][INFO][登陆成功]
[2017-10-20 17:34:58,429][MainThread:12248][task_id:ATM.core.login_f][login_f.py:40][INFO][用户【admin】处于登录状态 True]
[2017-10-20 17:35:00,260][MainThread:12248][task_id:ATM.lib.common_f][common_f.py:11][WARNING][调用添加账户功能函数：useradd]
[2017-10-20 17:37:25,256][MainThread:2900][task_id:ATM.lib.log_f][log_f.py:9][INFO][It works!]
[2017-10-20 17:37:25,256][MainThread:2900][task_id:ATM.core.db_f][db_f.py:32][WARNING][进入sql_distribute功能，调用select_module子功能]
[2017-10-20 17:37:25,266][MainThread:2900][task_id:ATM.core.db_f][db_f.py:32][WARNING][进入sql_distribute功能，调用select_module子功能]
[2017-10-20 17:37:25,266][MainThread:2900][task_id:ATM.core.db_f][db_f.py:32][WARNING][进入sql_distribute功能，调用select_module子功能]
[2017-10-20 17:37:25,267][MainThread:2900][task_id:ATM.core.db_f][db_f.py:32][WARNING][进入sql_distribute功能，调用select_module子功能]
[2017-10-20 17:37:25,267][MainThread:2900][task_id:ATM.core.db_f][db_f.py:32][WARNING][进入sql_distribute功能，调用select_module子功能]
[2017-10-20 17:37:25,268][MainThread:2900][task_id:ATM.core.db_f][db_f.py:32][WARNING][进入sql_distribute功能，调用select_module子功能]
[2017-10-20 17:37:25,268][MainThread:2900][task_id:ATM.core.db_f][db_f.py:32][WARNING][进入sql_distribute功能，调用select_module子功能]
[2017-10-20 17:37:26,664][MainThread:2900][task_id:ATM.core.main_f][main_f.py:24][WARNING][调用后台功能函数：backstage]
[2017-10-20 17:37:29,040][MainThread:2900][task_id:ATM.core.db_f][db_f.py:32][WARNING][进入sql_distribute功能，调用select_module子功能]
[2017-10-20 17:37:29,041][MainThread:2900][task_id:ATM.core.db_f][db_f.py:32][WARNING][进入sql_distribute功能，调用update_module子功能]
[2017-10-20 17:37:29,043][MainThread:2900][task_id:ATM.core.db_f][db_f.py:114][WARNING][数据修改成功]
[2017-10-20 17:37:29,049][MainThread:2900][task_id:ATM.core.login_f][login_f.py:47][ERROR][密码错误]
[2017-10-20 17:37:30,808][MainThread:2900][task_id:ATM.core.main_f][main_f.py:24][WARNING][调用后台功能函数：backstage]
[2017-10-20 17:37:34,410][MainThread:2900][task_id:ATM.core.db_f][db_f.py:32][WARNING][进入sql_distribute功能，调用select_module子功能]
[2017-10-20 17:37:34,410][MainThread:2900][task_id:ATM.core.login_f][login_f.py:33][ERROR][用户admin已被锁定，请联系客服！电话：XXXXXX]
[2017-10-20 17:37:51,683][MainThread:2900][task_id:ATM.core.main_f][main_f.py:24][WARNING][调用后台功能函数：backstage]
[2017-10-20 17:37:54,838][MainThread:2900][task_id:ATM.core.db_f][db_f.py:32][WARNING][进入sql_distribute功能，调用select_module子功能]
[2017-10-20 17:37:54,839][MainThread:2900][task_id:ATM.core.login_f][login_f.py:36][INFO][登陆成功]
[2017-10-20 17:37:54,839][MainThread:2900][task_id:ATM.core.login_f][login_f.py:40][INFO][用户【admin】处于登录状态 True]
[2017-10-20 17:37:57,527][MainThread:2900][task_id:ATM.lib.common_f][common_f.py:11][WARNING][调用添加账户功能函数：useradd]
[2017-10-20 17:38:23,968][MainThread:2900][task_id:ATM.core.db_f][db_f.py:32][WARNING][进入sql_distribute功能，调用insert_module子功能]
[2017-10-20 17:38:23,970][MainThread:2900][task_id:ATM.core.db_f][db_f.py:159][WARNING][写入成功 ['3', 'a', 's', 'd', 'f', '0', '2017-10-20']]
[2017-10-20 17:38:38,731][MainThread:2900][task_id:ATM.core.db_f][db_f.py:32][WARNING][进入sql_distribute功能，调用insert_module子功能]
[2017-10-20 17:38:38,733][MainThread:2900][task_id:ATM.core.db_f][db_f.py:159][WARNING][写入成功 ['7', 'q', 'w', 'e', 'r', 'r', 't', 'y', '0', '2017-10-20']]
[2017-10-20 17:38:47,222][MainThread:2900][task_id:ATM.core.db_f][db_f.py:32][WARNING][进入sql_distribute功能，调用insert_module子功能]
[2017-10-20 17:38:47,224][MainThread:2900][task_id:ATM.core.db_f][db_f.py:159][WARNING][写入成功 ['4', 'q', 'a', 's', 'd', '0', '2017-10-20']]
[2017-10-20 17:39:35,267][MainThread:8396][task_id:ATM.lib.log_f][log_f.py:9][INFO][It works!]
[2017-10-20 17:39:35,267][MainThread:8396][task_id:ATM.core.db_f][db_f.py:32][WARNING][进入sql_distribute功能，调用select_module子功能]
[2017-10-20 17:39:35,275][MainThread:8396][task_id:ATM.core.db_f][db_f.py:32][WARNING][进入sql_distribute功能，调用select_module子功能]
[2017-10-20 17:39:35,276][MainThread:8396][task_id:ATM.core.db_f][db_f.py:32][WARNING][进入sql_distribute功能，调用select_module子功能]
[2017-10-20 17:39:35,276][MainThread:8396][task_id:ATM.core.db_f][db_f.py:32][WARNING][进入sql_distribute功能，调用select_module子功能]
[2017-10-20 17:39:35,276][MainThread:8396][task_id:ATM.core.db_f][db_f.py:32][WARNING][进入sql_distribute功能，调用select_module子功能]
[2017-10-20 17:39:35,277][MainThread:8396][task_id:ATM.core.db_f][db_f.py:32][WARNING][进入sql_distribute功能，调用select_module子功能]
